准备执行
2024年 07月 21日 星期日 11:47:37 CST
==========
准备执行
Sun Jul 21 12:10:04 CST 2024
==========
准备执行
Sun Jul 21 13:10:04 CST 2024
==========
准备执行
Sun Jul 21 14:10:03 CST 2024
==========
准备执行
Sun Jul 21 15:10:05 CST 2024
==========
准备执行
Sun Jul 21 16:10:05 CST 2024
==========
准备执行
Sun Jul 21 17:10:04 CST 2024
==========
准备执行
Sun Jul 21 18:10:04 CST 2024
==========
准备执行
Sun Jul 21 19:10:03 CST 2024
==========
准备执行
Sun Jul 21 20:10:05 CST 2024
==========
准备执行
Sun Jul 21 21:10:05 CST 2024
==========
准备执行
Sun Jul 21 22:10:04 CST 2024
==========
准备执行
Sun Jul 21 23:10:06 CST 2024
==========
准备执行
Mon Jul 22 00:10:04 CST 2024
==========
准备执行
Mon Jul 22 01:10:04 CST 2024
==========
准备执行
Mon Jul 22 02:10:04 CST 2024
==========
准备执行
Mon Jul 22 03:10:04 CST 2024
==========
准备执行
Mon Jul 22 04:10:04 CST 2024
==========
准备执行
Mon Jul 22 05:10:04 CST 2024
==========
准备执行
Mon Jul 22 06:10:04 CST 2024
==========
准备执行
Mon Jul 22 07:10:03 CST 2024
==========
准备执行
Mon Jul 22 08:10:04 CST 2024
==========
准备执行
Mon Jul 22 09:10:03 CST 2024
==========
准备执行
Mon Jul 22 10:10:04 CST 2024
==========
准备执行
Mon Jul 22 11:10:04 CST 2024
==========
准备执行
Mon Jul 22 12:10:04 CST 2024
==========
准备执行
Mon Jul 22 13:10:04 CST 2024
==========
准备执行
Mon Jul 22 14:10:04 CST 2024
==========
准备执行
Mon Jul 22 15:10:04 CST 2024
==========
准备执行
Mon Jul 22 16:10:05 CST 2024
==========
准备执行
Mon Jul 22 17:10:03 CST 2024
==========
准备执行
Mon Jul 22 18:10:04 CST 2024
==========
准备执行
Mon Jul 22 19:10:03 CST 2024
==========
准备执行
Mon Jul 22 20:10:04 CST 2024
==========
准备执行
Mon Jul 22 21:10:04 CST 2024
==========
准备执行
Mon Jul 22 22:10:04 CST 2024
==========
准备执行
Mon Jul 22 23:10:05 CST 2024
==========
准备执行
Tue Jul 23 00:10:05 CST 2024
==========
准备执行
Tue Jul 23 01:10:08 CST 2024
==========
准备执行
Tue Jul 23 02:10:05 CST 2024
==========
准备执行
Tue Jul 23 03:10:03 CST 2024
==========
准备执行
Tue Jul 23 04:10:04 CST 2024
==========
准备执行
Tue Jul 23 05:10:04 CST 2024
==========
准备执行
Tue Jul 23 06:10:04 CST 2024
==========
准备执行
Tue Jul 23 07:10:03 CST 2024
==========
准备执行
Tue Jul 23 08:10:04 CST 2024
==========
准备执行
Tue Jul 23 09:10:04 CST 2024
==========
准备执行
Tue Jul 23 10:10:04 CST 2024
==========
准备执行
Tue Jul 23 11:10:04 CST 2024
==========
准备执行
Tue Jul 23 12:10:03 CST 2024
==========
准备执行
Tue Jul 23 13:10:04 CST 2024
==========
准备执行
Tue Jul 23 14:10:04 CST 2024
==========
准备执行
Tue Jul 23 15:10:04 CST 2024
==========
准备执行
Tue Jul 23 16:10:04 CST 2024
==========
准备执行
Tue Jul 23 17:10:04 CST 2024
==========
准备执行
Tue Jul 23 18:10:04 CST 2024
==========
准备执行
Tue Jul 23 19:10:04 CST 2024
==========
准备执行
Tue Jul 23 20:10:04 CST 2024
==========
准备执行
Tue Jul 23 21:10:04 CST 2024
==========
准备执行
Tue Jul 23 22:10:05 CST 2024
==========
准备执行
Tue Jul 23 23:10:04 CST 2024
==========
准备执行
Wed Jul 24 00:10:05 CST 2024
==========
准备执行
Wed Jul 24 01:10:04 CST 2024
==========
准备执行
Wed Jul 24 02:10:04 CST 2024
==========
准备执行
Wed Jul 24 03:10:04 CST 2024
==========
准备执行
Wed Jul 24 04:10:04 CST 2024
==========
准备执行
Wed Jul 24 05:10:04 CST 2024
==========
准备执行
Wed Jul 24 06:10:04 CST 2024
==========
准备执行
Wed Jul 24 07:10:04 CST 2024
==========
准备执行
Wed Jul 24 08:10:04 CST 2024
==========
准备执行
Wed Jul 24 09:10:04 CST 2024
==========
准备执行
Wed Jul 24 10:10:03 CST 2024
==========
准备执行
Wed Jul 24 11:10:04 CST 2024
==========
准备执行
Wed Jul 24 12:10:04 CST 2024
==========
准备执行
Wed Jul 24 13:10:04 CST 2024
==========
准备执行
Wed Jul 24 14:10:04 CST 2024
==========
准备执行
Wed Jul 24 15:10:05 CST 2024
==========
准备执行
Wed Jul 24 16:10:04 CST 2024
==========
准备执行
Wed Jul 24 17:10:04 CST 2024
==========
准备执行
Wed Jul 24 18:10:04 CST 2024
==========
准备执行
Wed Jul 24 19:10:04 CST 2024
==========
准备执行
Wed Jul 24 20:10:04 CST 2024
==========
准备执行
Wed Jul 24 21:10:04 CST 2024
==========
准备执行
Wed Jul 24 22:10:04 CST 2024
==========
准备执行
Wed Jul 24 23:10:05 CST 2024
==========
准备执行
Thu Jul 25 00:10:05 CST 2024
==========
准备执行
Thu Jul 25 01:10:04 CST 2024
==========
准备执行
Thu Jul 25 02:10:04 CST 2024
==========
准备执行
Thu Jul 25 03:10:04 CST 2024
==========
准备执行
Thu Jul 25 04:10:04 CST 2024
==========
准备执行
Thu Jul 25 05:10:04 CST 2024
==========
准备执行
Thu Jul 25 06:10:04 CST 2024
==========
准备执行
Thu Jul 25 07:10:04 CST 2024
==========
准备执行
Thu Jul 25 08:10:04 CST 2024
==========
准备执行
Thu Jul 25 09:10:04 CST 2024
==========
准备执行
Thu Jul 25 10:10:04 CST 2024
==========
准备执行
Thu Jul 25 11:10:04 CST 2024
==========
准备执行
Thu Jul 25 12:10:04 CST 2024
==========
准备执行
Thu Jul 25 13:10:05 CST 2024
==========
准备执行
Thu Jul 25 14:10:04 CST 2024
==========
准备执行
Thu Jul 25 15:10:04 CST 2024
==========
准备执行
Thu Jul 25 16:10:04 CST 2024
==========
准备执行
Thu Jul 25 17:10:04 CST 2024
==========
准备执行
Thu Jul 25 18:10:04 CST 2024
==========
准备执行
Thu Jul 25 19:10:05 CST 2024
==========
准备执行
Thu Jul 25 20:10:04 CST 2024
==========
准备执行
Thu Jul 25 21:10:05 CST 2024
==========
准备执行
Thu Jul 25 22:10:04 CST 2024
==========
准备执行
Thu Jul 25 23:10:04 CST 2024
==========
准备执行
Fri Jul 26 00:10:06 CST 2024
==========
准备执行
Fri Jul 26 01:10:04 CST 2024
==========
准备执行
Fri Jul 26 02:10:04 CST 2024
==========
准备执行
Fri Jul 26 03:10:04 CST 2024
==========
准备执行
Fri Jul 26 04:10:04 CST 2024
==========
准备执行
Fri Jul 26 05:10:04 CST 2024
==========
准备执行
Fri Jul 26 06:10:04 CST 2024
==========
准备执行
Fri Jul 26 07:10:04 CST 2024
==========
准备执行
Fri Jul 26 08:10:04 CST 2024
==========
准备执行
Fri Jul 26 09:10:04 CST 2024
==========
准备执行
Fri Jul 26 10:10:04 CST 2024
==========
准备执行
Fri Jul 26 11:10:04 CST 2024
==========
准备执行
Fri Jul 26 12:10:05 CST 2024
==========
准备执行
Fri Jul 26 13:10:05 CST 2024
==========
准备执行
Fri Jul 26 14:10:05 CST 2024
==========
准备执行
Fri Jul 26 15:10:04 CST 2024
==========
准备执行
Fri Jul 26 16:10:04 CST 2024
==========
准备执行
Fri Jul 26 17:10:04 CST 2024
==========
准备执行
Fri Jul 26 18:10:04 CST 2024
==========
准备执行
Fri Jul 26 19:10:04 CST 2024
==========
准备执行
Fri Jul 26 20:10:04 CST 2024
==========
准备执行
Fri Jul 26 21:10:04 CST 2024
==========
准备执行
Fri Jul 26 22:10:04 CST 2024
==========
准备执行
Fri Jul 26 23:10:05 CST 2024
==========
准备执行
Sat Jul 27 00:10:06 CST 2024
==========
准备执行
Sat Jul 27 01:10:04 CST 2024
==========
准备执行
Sat Jul 27 02:10:04 CST 2024
==========
准备执行
Sat Jul 27 03:10:04 CST 2024
==========
准备执行
Sat Jul 27 04:10:04 CST 2024
==========
准备执行
Sat Jul 27 05:10:04 CST 2024
==========
准备执行
Sat Jul 27 06:10:04 CST 2024
==========
准备执行
Sat Jul 27 07:10:04 CST 2024
==========
准备执行
Sat Jul 27 08:10:03 CST 2024
==========
准备执行
Sat Jul 27 09:10:04 CST 2024
==========
准备执行
Sat Jul 27 10:10:04 CST 2024
==========
准备执行
Sat Jul 27 11:10:04 CST 2024
==========
准备执行
Sat Jul 27 12:10:06 CST 2024
==========
准备执行
Sat Jul 27 13:10:06 CST 2024
==========
准备执行
Sat Jul 27 14:10:05 CST 2024
==========
准备执行
Sat Jul 27 15:10:05 CST 2024
==========
准备执行
Sat Jul 27 16:10:04 CST 2024
==========
准备执行
Sat Jul 27 17:10:05 CST 2024
==========
准备执行
Sat Jul 27 18:10:04 CST 2024
==========
准备执行
Sat Jul 27 19:10:04 CST 2024
==========
准备执行
Sat Jul 27 20:10:04 CST 2024
==========
准备执行
Sat Jul 27 21:10:04 CST 2024
==========
准备执行
Sat Jul 27 22:10:04 CST 2024
==========
准备执行
Sat Jul 27 23:10:04 CST 2024
==========
准备执行
Sun Jul 28 00:10:04 CST 2024
==========
准备执行
Sun Jul 28 01:10:04 CST 2024
==========
准备执行
Sun Jul 28 02:10:04 CST 2024
==========
准备执行
Sun Jul 28 03:10:04 CST 2024
==========
准备执行
Sun Jul 28 04:10:05 CST 2024
==========
准备执行
Sun Jul 28 05:10:04 CST 2024
==========
准备执行
Sun Jul 28 06:10:04 CST 2024
==========
准备执行
Sun Jul 28 07:10:03 CST 2024
==========
准备执行
Sun Jul 28 08:10:04 CST 2024
==========
准备执行
Sun Jul 28 09:10:05 CST 2024
==========
准备执行
Sun Jul 28 10:10:04 CST 2024
==========
准备执行
Sun Jul 28 11:10:04 CST 2024
==========
准备执行
Sun Jul 28 12:10:03 CST 2024
==========
准备执行
Sun Jul 28 13:10:04 CST 2024
==========
准备执行
Sun Jul 28 14:10:04 CST 2024
==========
准备执行
Sun Jul 28 15:10:04 CST 2024
==========
准备执行
Sun Jul 28 16:10:04 CST 2024
==========
准备执行
Sun Jul 28 17:10:04 CST 2024
==========
准备执行
Sun Jul 28 18:10:04 CST 2024
==========
准备执行
Sun Jul 28 19:10:04 CST 2024
==========
准备执行
Sun Jul 28 20:10:04 CST 2024
==========
准备执行
Sun Jul 28 21:10:07 CST 2024
==========
准备执行
Sun Jul 28 22:10:04 CST 2024
==========
准备执行
Sun Jul 28 23:10:06 CST 2024
==========
准备执行
Mon Jul 29 00:10:05 CST 2024
==========
准备执行
Mon Jul 29 01:10:04 CST 2024
==========
准备执行
Mon Jul 29 02:10:03 CST 2024
==========
准备执行
Mon Jul 29 03:10:04 CST 2024
==========
准备执行
Mon Jul 29 04:10:04 CST 2024
==========
准备执行
Mon Jul 29 05:10:04 CST 2024
==========
准备执行
Mon Jul 29 06:10:04 CST 2024
==========
准备执行
Mon Jul 29 07:10:04 CST 2024
==========
准备执行
Mon Jul 29 08:10:04 CST 2024
==========
准备执行
Mon Jul 29 09:10:04 CST 2024
==========
准备执行
Mon Jul 29 10:10:04 CST 2024
==========
准备执行
Mon Jul 29 11:10:04 CST 2024
==========
准备执行
Mon Jul 29 12:10:04 CST 2024
==========
准备执行
Mon Jul 29 13:10:04 CST 2024
==========
准备执行
Mon Jul 29 14:10:04 CST 2024
==========
准备执行
Mon Jul 29 15:10:03 CST 2024
==========
准备执行
Mon Jul 29 16:10:04 CST 2024
==========
准备执行
Mon Jul 29 17:10:04 CST 2024
==========
准备执行
Mon Jul 29 18:10:04 CST 2024
==========
准备执行
Mon Jul 29 19:10:04 CST 2024
==========
准备执行
Mon Jul 29 20:10:04 CST 2024
==========
准备执行
Mon Jul 29 21:10:04 CST 2024
==========
准备执行
Mon Jul 29 22:10:06 CST 2024
==========
准备执行
Mon Jul 29 23:10:04 CST 2024
==========
准备执行
Tue Jul 30 00:10:04 CST 2024
==========
准备执行
Tue Jul 30 01:10:04 CST 2024
==========
准备执行
Tue Jul 30 02:10:04 CST 2024
==========
准备执行
Tue Jul 30 03:10:04 CST 2024
==========
准备执行
Tue Jul 30 04:10:04 CST 2024
==========
准备执行
Tue Jul 30 05:10:04 CST 2024
==========
准备执行
Tue Jul 30 06:10:04 CST 2024
==========
准备执行
Tue Jul 30 07:10:04 CST 2024
==========
准备执行
Tue Jul 30 08:10:04 CST 2024
==========
准备执行
Tue Jul 30 09:10:04 CST 2024
==========
准备执行
Tue Jul 30 10:10:04 CST 2024
==========
准备执行
Tue Jul 30 11:10:04 CST 2024
==========
准备执行
Tue Jul 30 12:10:04 CST 2024
==========
准备执行
Tue Jul 30 13:10:04 CST 2024
==========
准备执行
Tue Jul 30 14:10:04 CST 2024
==========
准备执行
Tue Jul 30 15:10:05 CST 2024
==========
准备执行
Tue Jul 30 16:10:05 CST 2024
==========
准备执行
Tue Jul 30 17:10:04 CST 2024
==========
准备执行
Tue Jul 30 18:10:04 CST 2024
==========
准备执行
Tue Jul 30 19:10:04 CST 2024
==========
准备执行
Tue Jul 30 20:10:09 CST 2024
==========
准备执行
Tue Jul 30 21:10:04 CST 2024
==========
准备执行
Tue Jul 30 22:10:04 CST 2024
==========
准备执行
Tue Jul 30 23:10:04 CST 2024
==========
准备执行
Wed Jul 31 00:10:05 CST 2024
==========
准备执行
Wed Jul 31 01:10:04 CST 2024
==========
准备执行
Wed Jul 31 02:10:04 CST 2024
==========
准备执行
Wed Jul 31 03:10:05 CST 2024
==========
准备执行
Wed Jul 31 04:10:05 CST 2024
==========
准备执行
Wed Jul 31 05:10:04 CST 2024
==========
准备执行
Wed Jul 31 06:10:04 CST 2024
==========
准备执行
Wed Jul 31 07:10:04 CST 2024
==========
准备执行
Wed Jul 31 08:10:04 CST 2024
==========
准备执行
Wed Jul 31 09:10:04 CST 2024
==========
准备执行
Wed Jul 31 10:10:04 CST 2024
==========
准备执行
Wed Jul 31 11:10:03 CST 2024
==========
准备执行
Wed Jul 31 12:10:03 CST 2024
==========
准备执行
Wed Jul 31 13:10:06 CST 2024
==========
准备执行
Wed Jul 31 14:10:04 CST 2024
==========
准备执行
Wed Jul 31 15:10:04 CST 2024
==========
准备执行
Wed Jul 31 16:10:04 CST 2024
==========
准备执行
Wed Jul 31 17:10:05 CST 2024
==========
准备执行
Wed Jul 31 18:10:04 CST 2024
==========
准备执行
Wed Jul 31 19:10:04 CST 2024
==========
准备执行
Wed Jul 31 20:10:04 CST 2024
==========
准备执行
Wed Jul 31 21:10:04 CST 2024
==========
准备执行
Wed Jul 31 22:10:04 CST 2024
==========
准备执行
Wed Jul 31 23:10:06 CST 2024
==========
准备执行
Thu Aug  1 00:10:05 CST 2024
==========
准备执行
Thu Aug  1 01:10:04 CST 2024
==========
准备执行
Thu Aug  1 02:10:04 CST 2024
==========
准备执行
Thu Aug  1 03:10:04 CST 2024
==========
准备执行
Thu Aug  1 04:10:04 CST 2024
==========
准备执行
Thu Aug  1 05:10:04 CST 2024
==========
准备执行
Thu Aug  1 06:10:04 CST 2024
==========
准备执行
Thu Aug  1 07:10:04 CST 2024
==========
准备执行
Thu Aug  1 08:10:03 CST 2024
==========
准备执行
Thu Aug  1 09:10:04 CST 2024
==========
准备执行
Thu Aug  1 10:10:04 CST 2024
==========
准备执行
Thu Aug  1 11:10:04 CST 2024
==========
准备执行
Thu Aug  1 12:10:04 CST 2024
==========
准备执行
Thu Aug  1 13:10:04 CST 2024
==========
准备执行
Thu Aug  1 14:10:04 CST 2024
==========
准备执行
Thu Aug  1 15:10:05 CST 2024
==========
准备执行
Thu Aug  1 16:10:05 CST 2024
==========
准备执行
Thu Aug  1 17:10:06 CST 2024
==========
准备执行
Thu Aug  1 18:10:04 CST 2024
==========
准备执行
Thu Aug  1 19:10:05 CST 2024
==========
准备执行
Thu Aug  1 20:10:06 CST 2024
==========
准备执行
Thu Aug  1 21:10:04 CST 2024
==========
准备执行
Thu Aug  1 22:10:05 CST 2024
==========
准备执行
Thu Aug  1 23:10:05 CST 2024
==========
准备执行
Fri Aug  2 00:10:05 CST 2024
==========
准备执行
Fri Aug  2 01:10:04 CST 2024
==========
准备执行
Fri Aug  2 02:10:04 CST 2024
==========
准备执行
Fri Aug  2 03:10:04 CST 2024
==========
准备执行
Fri Aug  2 04:10:04 CST 2024
==========
准备执行
Fri Aug  2 05:10:04 CST 2024
==========
准备执行
Fri Aug  2 06:10:04 CST 2024
==========
准备执行
Fri Aug  2 07:10:04 CST 2024
==========
准备执行
Fri Aug  2 08:10:04 CST 2024
==========
准备执行
Fri Aug  2 09:10:04 CST 2024
==========
准备执行
Fri Aug  2 10:10:03 CST 2024
==========
准备执行
Fri Aug  2 11:10:04 CST 2024
==========
准备执行
Fri Aug  2 12:10:04 CST 2024
==========
准备执行
Fri Aug  2 13:10:04 CST 2024
==========
准备执行
Fri Aug  2 14:10:08 CST 2024
==========
准备执行
Fri Aug  2 15:10:03 CST 2024
==========
准备执行
Fri Aug  2 16:10:04 CST 2024
==========
准备执行
Fri Aug  2 17:10:04 CST 2024
==========
准备执行
Fri Aug  2 18:10:04 CST 2024
==========
准备执行
Fri Aug  2 19:10:04 CST 2024
==========
准备执行
Fri Aug  2 20:10:04 CST 2024
==========
准备执行
Fri Aug  2 21:10:04 CST 2024
==========
准备执行
Fri Aug  2 22:10:05 CST 2024
==========
准备执行
Fri Aug  2 23:10:04 CST 2024
==========
准备执行
Sat Aug  3 00:10:05 CST 2024
==========
准备执行
Sat Aug  3 01:10:05 CST 2024
==========
准备执行
Sat Aug  3 02:10:04 CST 2024
==========
准备执行
Sat Aug  3 03:10:04 CST 2024
==========
准备执行
Sat Aug  3 04:10:04 CST 2024
==========
准备执行
Sat Aug  3 05:10:04 CST 2024
==========
准备执行
Sat Aug  3 06:10:04 CST 2024
==========
准备执行
Sat Aug  3 07:10:04 CST 2024
==========
准备执行
Sat Aug  3 08:10:05 CST 2024
==========
准备执行
Sat Aug  3 09:10:03 CST 2024
==========
准备执行
Sat Aug  3 10:10:04 CST 2024
==========
准备执行
Sat Aug  3 11:10:05 CST 2024
==========
准备执行
Sat Aug  3 12:10:04 CST 2024
==========
准备执行
Sat Aug  3 13:10:04 CST 2024
==========
准备执行
Sat Aug  3 14:10:04 CST 2024
==========
准备执行
Sat Aug  3 15:10:04 CST 2024
==========
准备执行
Sat Aug  3 16:10:04 CST 2024
==========
准备执行
Sat Aug  3 17:10:04 CST 2024
==========
准备执行
Sat Aug  3 18:10:04 CST 2024
==========
准备执行
Sat Aug  3 19:10:04 CST 2024
==========
准备执行
Sat Aug  3 20:10:04 CST 2024
==========
准备执行
Sat Aug  3 21:10:04 CST 2024
==========
准备执行
Sat Aug  3 22:10:04 CST 2024
==========
准备执行
Sat Aug  3 23:10:04 CST 2024
==========
准备执行
Sun Aug  4 00:10:05 CST 2024
==========
准备执行
Sun Aug  4 01:10:04 CST 2024
==========
准备执行
Sun Aug  4 02:10:05 CST 2024
==========
准备执行
Sun Aug  4 03:10:04 CST 2024
==========
准备执行
Sun Aug  4 04:10:04 CST 2024
==========
准备执行
Sun Aug  4 05:10:04 CST 2024
==========
准备执行
Sun Aug  4 06:10:04 CST 2024
==========
准备执行
Sun Aug  4 07:10:04 CST 2024
==========
准备执行
Sun Aug  4 08:10:04 CST 2024
==========
准备执行
Sun Aug  4 09:10:04 CST 2024
==========
准备执行
Sun Aug  4 10:10:04 CST 2024
==========
准备执行
Sun Aug  4 11:10:04 CST 2024
==========
准备执行
Sun Aug  4 12:10:04 CST 2024
==========
准备执行
Sun Aug  4 13:10:05 CST 2024
==========
准备执行
Sun Aug  4 14:10:04 CST 2024
==========
准备执行
Sun Aug  4 15:10:05 CST 2024
==========
准备执行
Sun Aug  4 16:10:05 CST 2024
==========
准备执行
Sun Aug  4 17:10:04 CST 2024
==========
准备执行
Sun Aug  4 18:10:04 CST 2024
==========
准备执行
Sun Aug  4 19:10:04 CST 2024
==========
准备执行
Sun Aug  4 20:10:06 CST 2024
==========
准备执行
Sun Aug  4 21:10:04 CST 2024
==========
准备执行
Sun Aug  4 22:10:04 CST 2024
==========
准备执行
Sun Aug  4 23:10:05 CST 2024
==========
准备执行
Mon Aug  5 00:10:05 CST 2024
==========
准备执行
Mon Aug  5 01:10:04 CST 2024
==========
准备执行
Mon Aug  5 02:10:04 CST 2024
==========
准备执行
Mon Aug  5 03:10:03 CST 2024
==========
准备执行
Mon Aug  5 04:10:04 CST 2024
==========
准备执行
Mon Aug  5 05:10:04 CST 2024
==========
准备执行
Mon Aug  5 06:10:04 CST 2024
==========
准备执行
Mon Aug  5 07:10:04 CST 2024
==========
准备执行
Mon Aug  5 08:10:04 CST 2024
==========
准备执行
Mon Aug  5 09:10:04 CST 2024
==========
准备执行
Mon Aug  5 10:10:04 CST 2024
==========
准备执行
Mon Aug  5 11:10:04 CST 2024
==========
准备执行
Mon Aug  5 12:10:04 CST 2024
==========
准备执行
Mon Aug  5 13:10:05 CST 2024
==========
准备执行
Mon Aug  5 14:10:05 CST 2024
==========
准备执行
Mon Aug  5 15:10:04 CST 2024
==========
准备执行
Mon Aug  5 16:10:04 CST 2024
==========
准备执行
Mon Aug  5 17:10:03 CST 2024
==========
准备执行
Mon Aug  5 18:10:04 CST 2024
==========
准备执行
Mon Aug  5 19:10:04 CST 2024
==========
准备执行
Mon Aug  5 20:10:03 CST 2024
==========
准备执行
Mon Aug  5 21:10:05 CST 2024
==========
准备执行
Mon Aug  5 22:10:04 CST 2024
==========
准备执行
Mon Aug  5 23:10:06 CST 2024
==========
准备执行
Tue Aug  6 00:10:04 CST 2024
==========
准备执行
Tue Aug  6 01:10:04 CST 2024
==========
准备执行
Tue Aug  6 02:10:04 CST 2024
==========
准备执行
Tue Aug  6 03:10:04 CST 2024
==========
准备执行
Tue Aug  6 04:10:04 CST 2024
==========
准备执行
Tue Aug  6 05:10:04 CST 2024
==========
准备执行
Tue Aug  6 06:10:04 CST 2024
==========
准备执行
Tue Aug  6 07:10:03 CST 2024
==========
准备执行
Tue Aug  6 08:10:04 CST 2024
==========
准备执行
Tue Aug  6 09:10:04 CST 2024
==========
准备执行
Tue Aug  6 10:10:03 CST 2024
==========
准备执行
Tue Aug  6 11:10:03 CST 2024
==========
准备执行
Tue Aug  6 12:10:04 CST 2024
==========
准备执行
Tue Aug  6 13:10:05 CST 2024
==========
准备执行
Tue Aug  6 14:10:04 CST 2024
==========
准备执行
Tue Aug  6 15:10:04 CST 2024
==========
准备执行
Tue Aug  6 16:10:04 CST 2024
==========
准备执行
Tue Aug  6 17:10:03 CST 2024
==========
准备执行
Tue Aug  6 18:10:04 CST 2024
==========
准备执行
Tue Aug  6 19:10:04 CST 2024
==========
准备执行
Tue Aug  6 20:10:04 CST 2024
==========
准备执行
Tue Aug  6 21:10:04 CST 2024
==========
准备执行
Tue Aug  6 22:10:05 CST 2024
==========
准备执行
Tue Aug  6 23:10:07 CST 2024
==========
准备执行
Wed Aug  7 00:10:07 CST 2024
==========
准备执行
Wed Aug  7 01:10:04 CST 2024
==========
准备执行
Wed Aug  7 02:10:04 CST 2024
==========
准备执行
Wed Aug  7 03:10:04 CST 2024
==========
准备执行
Wed Aug  7 04:10:04 CST 2024
==========
准备执行
Wed Aug  7 05:10:04 CST 2024
==========
准备执行
Wed Aug  7 06:10:04 CST 2024
==========
准备执行
Wed Aug  7 07:10:03 CST 2024
==========
准备执行
Wed Aug  7 08:10:04 CST 2024
==========
准备执行
Wed Aug  7 09:10:04 CST 2024
==========
准备执行
Wed Aug  7 10:10:04 CST 2024
==========
准备执行
Wed Aug  7 11:10:04 CST 2024
==========
准备执行
Wed Aug  7 12:10:04 CST 2024
==========
准备执行
Wed Aug  7 13:10:05 CST 2024
==========
准备执行
Wed Aug  7 14:10:04 CST 2024
==========
准备执行
Wed Aug  7 15:10:04 CST 2024
==========
准备执行
Wed Aug  7 16:10:04 CST 2024
==========
准备执行
Wed Aug  7 17:10:04 CST 2024
==========
准备执行
Wed Aug  7 18:10:04 CST 2024
==========
准备执行
Wed Aug  7 19:10:04 CST 2024
==========
准备执行
Wed Aug  7 20:10:04 CST 2024
==========
准备执行
Wed Aug  7 21:10:06 CST 2024
==========
准备执行
Wed Aug  7 22:10:07 CST 2024
==========
准备执行
Wed Aug  7 23:10:04 CST 2024
==========
准备执行
Thu Aug  8 00:10:05 CST 2024
==========
准备执行
Thu Aug  8 01:10:04 CST 2024
==========
准备执行
Thu Aug  8 02:10:05 CST 2024
==========
准备执行
Thu Aug  8 03:10:05 CST 2024
==========
准备执行
Thu Aug  8 04:10:04 CST 2024
==========
准备执行
Thu Aug  8 05:10:04 CST 2024
==========
准备执行
Thu Aug  8 06:10:04 CST 2024
==========
准备执行
Thu Aug  8 07:10:04 CST 2024
==========
准备执行
Thu Aug  8 08:10:04 CST 2024
==========
准备执行
Thu Aug  8 09:10:03 CST 2024
==========
准备执行
Thu Aug  8 10:10:04 CST 2024
==========
准备执行
Thu Aug  8 11:10:04 CST 2024
==========
准备执行
Thu Aug  8 12:10:04 CST 2024
==========
准备执行
Thu Aug  8 13:10:04 CST 2024
==========
准备执行
Thu Aug  8 14:10:05 CST 2024
==========
准备执行
Thu Aug  8 15:10:05 CST 2024
==========
准备执行
Thu Aug  8 16:10:04 CST 2024
==========
准备执行
Thu Aug  8 17:10:04 CST 2024
==========
准备执行
Thu Aug  8 18:10:05 CST 2024
==========
准备执行
Thu Aug  8 19:10:03 CST 2024
==========
准备执行
Thu Aug  8 20:10:06 CST 2024
==========
准备执行
Thu Aug  8 21:10:04 CST 2024
==========
准备执行
Thu Aug  8 22:10:04 CST 2024
==========
准备执行
Thu Aug  8 23:10:04 CST 2024
==========
准备执行
Fri Aug  9 00:10:04 CST 2024
==========
准备执行
Fri Aug  9 01:10:04 CST 2024
==========
准备执行
Fri Aug  9 02:10:03 CST 2024
==========
准备执行
Fri Aug  9 03:10:04 CST 2024
==========
准备执行
Fri Aug  9 04:10:04 CST 2024
==========
准备执行
Fri Aug  9 05:10:04 CST 2024
==========
准备执行
Fri Aug  9 06:10:04 CST 2024
==========
准备执行
Fri Aug  9 07:10:04 CST 2024
==========
准备执行
Fri Aug  9 08:10:04 CST 2024
==========
准备执行
Fri Aug  9 09:10:04 CST 2024
==========
准备执行
Fri Aug  9 10:10:04 CST 2024
==========
准备执行
Fri Aug  9 11:10:03 CST 2024
==========
准备执行
Fri Aug  9 12:10:04 CST 2024
==========
准备执行
Fri Aug  9 13:10:05 CST 2024
==========
准备执行
Fri Aug  9 14:10:04 CST 2024
==========
准备执行
Fri Aug  9 15:10:04 CST 2024
==========
准备执行
Fri Aug  9 16:10:04 CST 2024
==========
准备执行
Fri Aug  9 17:10:03 CST 2024
==========
准备执行
Fri Aug  9 18:10:04 CST 2024
==========
准备执行
Fri Aug  9 19:10:03 CST 2024
==========
准备执行
Fri Aug  9 20:10:03 CST 2024
==========
准备执行
Fri Aug  9 21:10:04 CST 2024
==========
准备执行
Fri Aug  9 22:10:04 CST 2024
==========
准备执行
Fri Aug  9 23:10:04 CST 2024
==========
准备执行
Sat Aug 10 00:10:04 CST 2024
==========
准备执行
Sat Aug 10 01:10:04 CST 2024
==========
准备执行
Sat Aug 10 02:10:04 CST 2024
==========
准备执行
Sat Aug 10 03:10:04 CST 2024
==========
准备执行
Sat Aug 10 04:10:03 CST 2024
==========
准备执行
Sat Aug 10 05:10:04 CST 2024
==========
准备执行
Sat Aug 10 06:10:04 CST 2024
==========
准备执行
Sat Aug 10 07:10:04 CST 2024
==========
准备执行
Sat Aug 10 08:10:04 CST 2024
==========
准备执行
Sat Aug 10 09:10:04 CST 2024
==========
准备执行
Sat Aug 10 10:10:04 CST 2024
==========
准备执行
Sat Aug 10 11:10:05 CST 2024
==========
准备执行
Sat Aug 10 12:10:04 CST 2024
==========
准备执行
Sat Aug 10 13:10:05 CST 2024
==========
准备执行
Sat Aug 10 14:10:04 CST 2024
==========
准备执行
Sat Aug 10 15:10:05 CST 2024
==========
准备执行
Sat Aug 10 16:10:04 CST 2024
==========
准备执行
Sat Aug 10 17:10:04 CST 2024
==========
准备执行
Sat Aug 10 18:10:04 CST 2024
==========
准备执行
Sat Aug 10 19:10:03 CST 2024
==========
准备执行
Sat Aug 10 20:10:04 CST 2024
==========
准备执行
Sat Aug 10 21:10:04 CST 2024
==========
准备执行
Sat Aug 10 22:10:04 CST 2024
==========
准备执行
Sat Aug 10 23:10:04 CST 2024
==========
准备执行
Sun Aug 11 00:10:04 CST 2024
==========
准备执行
Sun Aug 11 01:10:04 CST 2024
==========
准备执行
Sun Aug 11 02:10:04 CST 2024
==========
准备执行
Sun Aug 11 03:10:05 CST 2024
==========
准备执行
Sun Aug 11 04:10:04 CST 2024
==========
准备执行
Sun Aug 11 05:10:04 CST 2024
==========
准备执行
Sun Aug 11 06:10:04 CST 2024
==========
准备执行
Sun Aug 11 07:10:03 CST 2024
==========
准备执行
Sun Aug 11 08:10:04 CST 2024
==========
准备执行
Sun Aug 11 09:10:03 CST 2024
==========
准备执行
Sun Aug 11 10:10:03 CST 2024
==========
准备执行
Sun Aug 11 11:10:04 CST 2024
==========
准备执行
Sun Aug 11 12:10:04 CST 2024
==========
准备执行
Sun Aug 11 13:10:04 CST 2024
==========
准备执行
Sun Aug 11 14:10:03 CST 2024
==========
准备执行
Sun Aug 11 15:10:04 CST 2024
==========
准备执行
Sun Aug 11 16:10:04 CST 2024
==========
准备执行
Sun Aug 11 17:10:04 CST 2024
==========
准备执行
Sun Aug 11 18:10:04 CST 2024
==========
准备执行
Sun Aug 11 19:10:04 CST 2024
==========
准备执行
Sun Aug 11 20:10:04 CST 2024
==========
准备执行
Sun Aug 11 21:10:06 CST 2024
==========
准备执行
Sun Aug 11 22:10:04 CST 2024
==========
准备执行
Sun Aug 11 23:10:04 CST 2024
==========
准备执行
Mon Aug 12 00:10:05 CST 2024
==========
准备执行
Mon Aug 12 01:10:04 CST 2024
==========
准备执行
Mon Aug 12 02:10:04 CST 2024
==========
准备执行
Mon Aug 12 03:10:04 CST 2024
==========
准备执行
Mon Aug 12 04:10:04 CST 2024
==========
准备执行
Mon Aug 12 05:10:04 CST 2024
==========
准备执行
Mon Aug 12 06:10:04 CST 2024
==========
准备执行
Mon Aug 12 07:10:04 CST 2024
==========
准备执行
Mon Aug 12 08:10:03 CST 2024
==========
准备执行
Mon Aug 12 09:10:04 CST 2024
==========
准备执行
Mon Aug 12 10:10:04 CST 2024
==========
准备执行
Mon Aug 12 11:10:04 CST 2024
==========
准备执行
Mon Aug 12 12:10:04 CST 2024
==========
准备执行
Mon Aug 12 13:10:05 CST 2024
==========
准备执行
Mon Aug 12 14:10:04 CST 2024
==========
准备执行
Mon Aug 12 15:10:04 CST 2024
==========
准备执行
Mon Aug 12 16:10:04 CST 2024
==========
准备执行
Mon Aug 12 17:10:04 CST 2024
==========
准备执行
Mon Aug 12 18:10:04 CST 2024
==========
准备执行
Mon Aug 12 19:10:04 CST 2024
==========
准备执行
Mon Aug 12 20:10:04 CST 2024
==========
准备执行
Mon Aug 12 21:10:04 CST 2024
==========
准备执行
Mon Aug 12 22:10:05 CST 2024
==========
准备执行
Mon Aug 12 23:10:07 CST 2024
==========
准备执行
Tue Aug 13 00:10:06 CST 2024
==========
准备执行
Tue Aug 13 01:10:04 CST 2024
==========
准备执行
Tue Aug 13 02:10:04 CST 2024
==========
准备执行
Tue Aug 13 03:10:04 CST 2024
==========
准备执行
Tue Aug 13 04:10:04 CST 2024
==========
准备执行
Tue Aug 13 05:10:04 CST 2024
==========
准备执行
Tue Aug 13 06:10:04 CST 2024
==========
准备执行
Tue Aug 13 07:10:04 CST 2024
==========
准备执行
Tue Aug 13 08:10:03 CST 2024
==========
准备执行
Tue Aug 13 09:10:04 CST 2024
==========
准备执行
Tue Aug 13 10:10:04 CST 2024
==========
准备执行
Tue Aug 13 11:10:04 CST 2024
==========
准备执行
Tue Aug 13 12:10:04 CST 2024
==========
准备执行
Tue Aug 13 13:10:04 CST 2024
==========
准备执行
Tue Aug 13 14:10:04 CST 2024
==========
准备执行
Tue Aug 13 15:10:05 CST 2024
==========
准备执行
Tue Aug 13 16:10:03 CST 2024
==========
准备执行
Tue Aug 13 17:10:03 CST 2024
==========
准备执行
Tue Aug 13 18:10:04 CST 2024
==========
准备执行
Tue Aug 13 19:10:05 CST 2024
==========
准备执行
Tue Aug 13 20:10:04 CST 2024
==========
准备执行
Tue Aug 13 21:10:07 CST 2024
==========
准备执行
Tue Aug 13 22:10:06 CST 2024
==========
准备执行
Tue Aug 13 23:10:05 CST 2024
==========
准备执行
Wed Aug 14 00:10:04 CST 2024
==========
准备执行
Wed Aug 14 01:10:05 CST 2024
==========
准备执行
Wed Aug 14 02:10:04 CST 2024
==========
准备执行
Wed Aug 14 03:10:04 CST 2024
==========
准备执行
Wed Aug 14 04:10:03 CST 2024
==========
准备执行
Wed Aug 14 05:10:04 CST 2024
==========
准备执行
Wed Aug 14 06:10:04 CST 2024
==========
准备执行
Wed Aug 14 07:10:04 CST 2024
==========
准备执行
Wed Aug 14 08:10:04 CST 2024
==========
准备执行
Wed Aug 14 09:10:04 CST 2024
==========
准备执行
Wed Aug 14 10:10:04 CST 2024
==========
准备执行
Wed Aug 14 11:10:04 CST 2024
==========
准备执行
Wed Aug 14 12:10:04 CST 2024
==========
准备执行
Wed Aug 14 13:10:04 CST 2024
==========
准备执行
Wed Aug 14 14:10:04 CST 2024
==========
准备执行
Wed Aug 14 15:10:04 CST 2024
==========
准备执行
Wed Aug 14 16:10:04 CST 2024
==========
准备执行
Wed Aug 14 17:10:05 CST 2024
==========
准备执行
Wed Aug 14 18:10:03 CST 2024
==========
准备执行
Wed Aug 14 19:10:04 CST 2024
==========
准备执行
Wed Aug 14 20:10:04 CST 2024
==========
准备执行
Wed Aug 14 21:10:05 CST 2024
==========
准备执行
Wed Aug 14 22:10:04 CST 2024
==========
准备执行
Wed Aug 14 23:10:04 CST 2024
==========
准备执行
Thu Aug 15 00:10:05 CST 2024
==========
准备执行
Thu Aug 15 01:10:05 CST 2024
==========
准备执行
Thu Aug 15 02:10:05 CST 2024
==========
准备执行
Thu Aug 15 03:10:04 CST 2024
==========
准备执行
Thu Aug 15 04:10:03 CST 2024
==========
准备执行
Thu Aug 15 05:10:05 CST 2024
==========
准备执行
Thu Aug 15 06:10:04 CST 2024
==========
准备执行
Thu Aug 15 07:10:05 CST 2024
==========
准备执行
Thu Aug 15 08:10:05 CST 2024
==========
准备执行
Thu Aug 15 09:10:04 CST 2024
==========
准备执行
Thu Aug 15 10:10:04 CST 2024
==========
准备执行
Thu Aug 15 11:10:04 CST 2024
==========
准备执行
Thu Aug 15 12:10:04 CST 2024
==========
准备执行
Thu Aug 15 13:10:04 CST 2024
==========
准备执行
Thu Aug 15 14:10:05 CST 2024
==========
准备执行
Thu Aug 15 15:10:04 CST 2024
==========
准备执行
Thu Aug 15 16:10:04 CST 2024
==========
准备执行
Thu Aug 15 17:10:04 CST 2024
==========
准备执行
Thu Aug 15 18:10:04 CST 2024
==========
准备执行
Thu Aug 15 19:10:05 CST 2024
==========
准备执行
Thu Aug 15 20:10:04 CST 2024
==========
准备执行
Thu Aug 15 21:10:04 CST 2024
==========
准备执行
Thu Aug 15 22:10:05 CST 2024
==========
准备执行
Thu Aug 15 23:10:08 CST 2024
==========
准备执行
Fri Aug 16 00:10:03 CST 2024
==========
准备执行
Fri Aug 16 01:10:04 CST 2024
==========
准备执行
Fri Aug 16 02:10:03 CST 2024
==========
准备执行
Fri Aug 16 03:10:04 CST 2024
==========
准备执行
Fri Aug 16 04:10:04 CST 2024
==========
准备执行
Fri Aug 16 05:10:04 CST 2024
==========
准备执行
Fri Aug 16 06:10:03 CST 2024
==========
准备执行
Fri Aug 16 07:10:04 CST 2024
==========
准备执行
Fri Aug 16 08:10:04 CST 2024
==========
准备执行
Fri Aug 16 09:10:04 CST 2024
==========
准备执行
Fri Aug 16 10:10:04 CST 2024
==========
准备执行
Fri Aug 16 11:10:04 CST 2024
==========
准备执行
Fri Aug 16 12:10:04 CST 2024
==========
准备执行
Fri Aug 16 13:10:04 CST 2024
==========
准备执行
Fri Aug 16 14:10:06 CST 2024
==========
准备执行
Fri Aug 16 15:10:03 CST 2024
==========
准备执行
Fri Aug 16 16:10:05 CST 2024
==========
准备执行
Fri Aug 16 17:10:04 CST 2024
==========
准备执行
Fri Aug 16 18:10:04 CST 2024
==========
准备执行
Fri Aug 16 19:10:04 CST 2024
==========
准备执行
Fri Aug 16 20:10:04 CST 2024
==========
准备执行
Fri Aug 16 21:10:04 CST 2024
==========
准备执行
Fri Aug 16 22:10:05 CST 2024
==========
准备执行
Fri Aug 16 23:10:07 CST 2024
==========
准备执行
Sat Aug 17 00:10:05 CST 2024
==========
准备执行
Sat Aug 17 01:10:05 CST 2024
==========
准备执行
Sat Aug 17 02:10:04 CST 2024
==========
准备执行
Sat Aug 17 03:10:04 CST 2024
==========
准备执行
Sat Aug 17 04:10:04 CST 2024
==========
准备执行
Sat Aug 17 05:10:03 CST 2024
==========
准备执行
Sat Aug 17 06:10:03 CST 2024
==========
准备执行
Sat Aug 17 07:10:04 CST 2024
==========
准备执行
Sat Aug 17 08:10:04 CST 2024
==========
准备执行
Sat Aug 17 09:10:04 CST 2024
==========
准备执行
Sat Aug 17 10:10:04 CST 2024
==========
准备执行
Sat Aug 17 11:10:04 CST 2024
==========
准备执行
Sat Aug 17 12:10:04 CST 2024
==========
准备执行
Sat Aug 17 13:10:04 CST 2024
==========
准备执行
Sat Aug 17 14:10:06 CST 2024
==========
准备执行
Sat Aug 17 15:10:05 CST 2024
==========
准备执行
Sat Aug 17 16:10:04 CST 2024
==========
准备执行
Sat Aug 17 17:10:04 CST 2024
==========
准备执行
Sat Aug 17 18:10:07 CST 2024
==========
准备执行
Sat Aug 17 19:10:04 CST 2024
==========
准备执行
Sat Aug 17 20:10:06 CST 2024
==========
准备执行
Sat Aug 17 21:10:05 CST 2024
==========
准备执行
Sat Aug 17 22:10:04 CST 2024
==========
准备执行
Sat Aug 17 23:10:04 CST 2024
==========
准备执行
Sun Aug 18 00:10:05 CST 2024
==========
准备执行
Sun Aug 18 01:10:03 CST 2024
==========
准备执行
Sun Aug 18 02:10:04 CST 2024
==========
准备执行
Sun Aug 18 03:10:03 CST 2024
==========
准备执行
Sun Aug 18 04:10:04 CST 2024
==========
准备执行
Sun Aug 18 05:10:04 CST 2024
==========
准备执行
Sun Aug 18 06:10:04 CST 2024
==========
准备执行
Sun Aug 18 07:10:03 CST 2024
==========
准备执行
Sun Aug 18 08:10:04 CST 2024
==========
准备执行
Sun Aug 18 09:10:04 CST 2024
==========
准备执行
Sun Aug 18 10:10:04 CST 2024
==========
准备执行
Sun Aug 18 11:10:04 CST 2024
==========
准备执行
Sun Aug 18 12:10:05 CST 2024
==========
准备执行
Sun Aug 18 13:10:04 CST 2024
==========
准备执行
Sun Aug 18 14:10:04 CST 2024
==========
准备执行
Sun Aug 18 15:10:05 CST 2024
==========
准备执行
Sun Aug 18 16:10:05 CST 2024
==========
准备执行
Sun Aug 18 17:10:05 CST 2024
==========
准备执行
Sun Aug 18 18:10:04 CST 2024
==========
准备执行
Sun Aug 18 19:10:04 CST 2024
==========
准备执行
Sun Aug 18 20:10:04 CST 2024
==========
准备执行
Sun Aug 18 21:10:05 CST 2024
==========
准备执行
Sun Aug 18 22:10:05 CST 2024
==========
准备执行
Sun Aug 18 23:10:05 CST 2024
==========
准备执行
Mon Aug 19 00:10:04 CST 2024
==========
准备执行
Mon Aug 19 01:10:04 CST 2024
==========
准备执行
Mon Aug 19 02:10:04 CST 2024
==========
准备执行
Mon Aug 19 03:10:03 CST 2024
==========
准备执行
Mon Aug 19 04:10:05 CST 2024
==========
准备执行
Mon Aug 19 05:10:04 CST 2024
==========
准备执行
Mon Aug 19 06:10:04 CST 2024
==========
准备执行
Mon Aug 19 07:10:04 CST 2024
==========
准备执行
Mon Aug 19 08:10:03 CST 2024
==========
准备执行
Mon Aug 19 09:10:03 CST 2024
==========
准备执行
Mon Aug 19 10:10:04 CST 2024
==========
准备执行
Mon Aug 19 11:10:04 CST 2024
==========
准备执行
Mon Aug 19 12:10:04 CST 2024
==========
准备执行
Mon Aug 19 13:10:04 CST 2024
==========
准备执行
Mon Aug 19 14:10:05 CST 2024
==========
准备执行
Mon Aug 19 15:10:05 CST 2024
==========
准备执行
Mon Aug 19 16:10:04 CST 2024
==========
准备执行
Mon Aug 19 17:10:06 CST 2024
==========
准备执行
Mon Aug 19 18:10:04 CST 2024
==========
准备执行
Mon Aug 19 19:10:04 CST 2024
==========
准备执行
Mon Aug 19 20:10:04 CST 2024
==========
准备执行
Mon Aug 19 21:10:05 CST 2024
==========
准备执行
Mon Aug 19 22:10:07 CST 2024
==========
准备执行
Mon Aug 19 23:10:05 CST 2024
==========
准备执行
Tue Aug 20 00:10:04 CST 2024
==========
准备执行
Tue Aug 20 01:10:04 CST 2024
==========
准备执行
Tue Aug 20 02:10:04 CST 2024
==========
准备执行
Tue Aug 20 03:10:04 CST 2024
==========
准备执行
Tue Aug 20 04:10:04 CST 2024
==========
准备执行
Tue Aug 20 05:10:04 CST 2024
==========
准备执行
Tue Aug 20 06:10:04 CST 2024
==========
准备执行
Tue Aug 20 07:10:03 CST 2024
==========
准备执行
Tue Aug 20 08:10:04 CST 2024
==========
准备执行
Tue Aug 20 09:10:04 CST 2024
==========
准备执行
Tue Aug 20 10:10:05 CST 2024
==========
准备执行
Tue Aug 20 11:10:04 CST 2024
==========
准备执行
Tue Aug 20 12:10:04 CST 2024
==========
准备执行
Tue Aug 20 13:10:04 CST 2024
==========
准备执行
Tue Aug 20 14:10:04 CST 2024
==========
准备执行
Tue Aug 20 15:10:06 CST 2024
==========
准备执行
Tue Aug 20 16:10:03 CST 2024
==========
准备执行
Tue Aug 20 17:10:05 CST 2024
==========
准备执行
Tue Aug 20 18:10:04 CST 2024
==========
准备执行
Tue Aug 20 19:10:04 CST 2024
==========
准备执行
Tue Aug 20 20:10:05 CST 2024
==========
准备执行
Tue Aug 20 21:10:03 CST 2024
==========
准备执行
Tue Aug 20 22:10:05 CST 2024
==========
准备执行
Tue Aug 20 23:10:04 CST 2024
==========
准备执行
Wed Aug 21 00:10:09 CST 2024
==========
准备执行
Wed Aug 21 01:10:04 CST 2024
==========
准备执行
Wed Aug 21 02:10:03 CST 2024
==========
准备执行
Wed Aug 21 03:10:05 CST 2024
==========
准备执行
Wed Aug 21 04:10:03 CST 2024
==========
准备执行
Wed Aug 21 05:10:04 CST 2024
==========
准备执行
Wed Aug 21 06:10:04 CST 2024
==========
准备执行
Wed Aug 21 07:10:04 CST 2024
==========
准备执行
Wed Aug 21 08:10:04 CST 2024
==========
准备执行
Wed Aug 21 09:10:04 CST 2024
==========
准备执行
Wed Aug 21 10:10:04 CST 2024
==========
准备执行
Wed Aug 21 11:10:03 CST 2024
==========
准备执行
Wed Aug 21 12:10:04 CST 2024
==========
准备执行
Wed Aug 21 13:10:04 CST 2024
==========
准备执行
Wed Aug 21 14:10:04 CST 2024
==========
准备执行
Wed Aug 21 15:10:04 CST 2024
==========
准备执行
Wed Aug 21 16:10:04 CST 2024
==========
准备执行
Wed Aug 21 17:10:04 CST 2024
==========
准备执行
Wed Aug 21 18:10:04 CST 2024
==========
准备执行
Wed Aug 21 19:10:04 CST 2024
==========
准备执行
Wed Aug 21 20:10:06 CST 2024
==========
准备执行
Wed Aug 21 21:10:04 CST 2024
==========
准备执行
Wed Aug 21 22:10:05 CST 2024
==========
准备执行
Wed Aug 21 23:10:06 CST 2024
==========
准备执行
Thu Aug 22 00:10:04 CST 2024
==========
准备执行
Thu Aug 22 01:10:04 CST 2024
==========
准备执行
Thu Aug 22 02:10:04 CST 2024
==========
准备执行
Thu Aug 22 03:10:04 CST 2024
==========
准备执行
Thu Aug 22 04:10:04 CST 2024
==========
准备执行
Thu Aug 22 05:10:04 CST 2024
==========
准备执行
Thu Aug 22 06:10:04 CST 2024
==========
准备执行
Thu Aug 22 07:10:04 CST 2024
==========
准备执行
Thu Aug 22 08:10:03 CST 2024
==========
准备执行
Thu Aug 22 09:10:04 CST 2024
==========
准备执行
Thu Aug 22 10:10:03 CST 2024
==========
准备执行
Thu Aug 22 11:10:04 CST 2024
==========
准备执行
Thu Aug 22 12:10:03 CST 2024
==========
准备执行
Thu Aug 22 13:10:05 CST 2024
==========
准备执行
Thu Aug 22 14:10:04 CST 2024
==========
准备执行
Thu Aug 22 15:10:04 CST 2024
==========
准备执行
Thu Aug 22 16:10:04 CST 2024
==========
准备执行
Thu Aug 22 17:10:03 CST 2024
==========
准备执行
Thu Aug 22 18:10:04 CST 2024
==========
准备执行
Thu Aug 22 19:10:04 CST 2024
==========
准备执行
Thu Aug 22 20:10:04 CST 2024
==========
准备执行
Thu Aug 22 21:10:05 CST 2024
==========
准备执行
Thu Aug 22 22:10:06 CST 2024
==========
准备执行
Thu Aug 22 23:10:04 CST 2024
==========
准备执行
Fri Aug 23 00:10:04 CST 2024
==========
准备执行
Fri Aug 23 01:10:04 CST 2024
==========
准备执行
Fri Aug 23 02:10:04 CST 2024
==========
准备执行
Fri Aug 23 03:10:04 CST 2024
==========
准备执行
Fri Aug 23 04:10:04 CST 2024
==========
准备执行
Fri Aug 23 05:10:03 CST 2024
==========
准备执行
Fri Aug 23 06:10:04 CST 2024
==========
准备执行
Fri Aug 23 07:10:04 CST 2024
==========
准备执行
Fri Aug 23 08:10:04 CST 2024
==========
准备执行
Fri Aug 23 09:10:04 CST 2024
==========
准备执行
Fri Aug 23 10:10:04 CST 2024
==========
准备执行
Fri Aug 23 11:10:04 CST 2024
==========
准备执行
Fri Aug 23 12:10:04 CST 2024
==========
准备执行
Fri Aug 23 13:10:05 CST 2024
==========
准备执行
Fri Aug 23 14:10:04 CST 2024
==========
准备执行
Fri Aug 23 15:10:04 CST 2024
==========
准备执行
Fri Aug 23 16:10:04 CST 2024
==========
准备执行
Fri Aug 23 17:10:04 CST 2024
==========
准备执行
Fri Aug 23 18:10:04 CST 2024
==========
准备执行
Fri Aug 23 19:10:04 CST 2024
==========
准备执行
Fri Aug 23 20:10:04 CST 2024
==========
准备执行
Fri Aug 23 21:10:03 CST 2024
==========
准备执行
Fri Aug 23 22:10:05 CST 2024
==========
准备执行
Fri Aug 23 23:10:05 CST 2024
==========
准备执行
Sat Aug 24 00:10:05 CST 2024
==========
准备执行
Sat Aug 24 01:10:04 CST 2024
==========
准备执行
Sat Aug 24 02:10:04 CST 2024
==========
准备执行
Sat Aug 24 03:10:03 CST 2024
==========
准备执行
Sat Aug 24 04:10:04 CST 2024
==========
准备执行
Sat Aug 24 05:10:04 CST 2024
==========
准备执行
Sat Aug 24 06:10:04 CST 2024
==========
准备执行
Sat Aug 24 07:10:04 CST 2024
==========
准备执行
Sat Aug 24 08:10:03 CST 2024
==========
准备执行
Sat Aug 24 09:10:04 CST 2024
==========
准备执行
Sat Aug 24 10:10:05 CST 2024
==========
准备执行
Sat Aug 24 11:10:03 CST 2024
==========
准备执行
Sat Aug 24 12:10:04 CST 2024
==========
准备执行
Sat Aug 24 13:10:04 CST 2024
==========
准备执行
Sat Aug 24 14:10:04 CST 2024
==========
准备执行
Sat Aug 24 15:10:05 CST 2024
==========
准备执行
Sat Aug 24 16:10:04 CST 2024
==========
准备执行
Sat Aug 24 17:10:05 CST 2024
==========
准备执行
Sat Aug 24 18:10:04 CST 2024
==========
准备执行
Sat Aug 24 19:10:05 CST 2024
==========
准备执行
Sat Aug 24 20:10:04 CST 2024
==========
准备执行
Sat Aug 24 21:10:04 CST 2024
==========
准备执行
Sat Aug 24 22:10:04 CST 2024
==========
准备执行
Sat Aug 24 23:10:04 CST 2024
==========
准备执行
Sun Aug 25 00:10:06 CST 2024
==========
准备执行
Sun Aug 25 01:10:06 CST 2024
==========
准备执行
Sun Aug 25 02:10:03 CST 2024
==========
准备执行
Sun Aug 25 03:10:04 CST 2024
==========
准备执行
Sun Aug 25 04:10:03 CST 2024
==========
准备执行
Sun Aug 25 05:10:04 CST 2024
==========
准备执行
Sun Aug 25 06:10:04 CST 2024
==========
准备执行
Sun Aug 25 07:10:03 CST 2024
==========
准备执行
Sun Aug 25 08:10:04 CST 2024
==========
准备执行
Sun Aug 25 09:10:04 CST 2024
==========
准备执行
Sun Aug 25 10:10:04 CST 2024
==========
准备执行
Sun Aug 25 11:10:04 CST 2024
==========
准备执行
Sun Aug 25 12:10:06 CST 2024
==========
准备执行
Sun Aug 25 13:10:04 CST 2024
==========
准备执行
Sun Aug 25 14:10:05 CST 2024
==========
准备执行
Sun Aug 25 15:10:04 CST 2024
==========
准备执行
Sun Aug 25 16:10:04 CST 2024
==========
准备执行
Sun Aug 25 17:10:04 CST 2024
==========
准备执行
Sun Aug 25 18:10:04 CST 2024
==========
准备执行
Sun Aug 25 19:10:04 CST 2024
==========
准备执行
Sun Aug 25 20:10:04 CST 2024
==========
准备执行
Sun Aug 25 21:10:04 CST 2024
==========
准备执行
Sun Aug 25 22:10:11 CST 2024
==========
准备执行
Sun Aug 25 23:10:04 CST 2024
==========
准备执行
Mon Aug 26 00:10:06 CST 2024
==========
准备执行
Mon Aug 26 01:10:04 CST 2024
==========
准备执行
Mon Aug 26 02:10:04 CST 2024
==========
准备执行
Mon Aug 26 03:10:04 CST 2024
==========
准备执行
Mon Aug 26 04:10:03 CST 2024
==========
准备执行
Mon Aug 26 05:10:04 CST 2024
==========
准备执行
Mon Aug 26 06:10:04 CST 2024
==========
准备执行
Mon Aug 26 07:10:04 CST 2024
==========
准备执行
Mon Aug 26 08:10:04 CST 2024
==========
准备执行
Mon Aug 26 09:10:04 CST 2024
==========
准备执行
Mon Aug 26 10:10:04 CST 2024
==========
准备执行
Mon Aug 26 11:10:04 CST 2024
==========
准备执行
Mon Aug 26 12:10:04 CST 2024
==========
准备执行
Mon Aug 26 13:10:04 CST 2024
==========
准备执行
Mon Aug 26 14:10:05 CST 2024
==========
准备执行
Mon Aug 26 15:10:04 CST 2024
==========
准备执行
Mon Aug 26 16:10:04 CST 2024
==========
准备执行
Mon Aug 26 17:10:03 CST 2024
==========
准备执行
Mon Aug 26 18:10:03 CST 2024
==========
准备执行
Mon Aug 26 19:10:04 CST 2024
==========
准备执行
Mon Aug 26 20:10:04 CST 2024
==========
准备执行
Mon Aug 26 21:10:04 CST 2024
==========
准备执行
Mon Aug 26 22:10:05 CST 2024
==========
准备执行
Mon Aug 26 23:10:05 CST 2024
==========
准备执行
Tue Aug 27 00:10:04 CST 2024
==========
准备执行
Tue Aug 27 01:10:04 CST 2024
==========
准备执行
Tue Aug 27 02:10:04 CST 2024
==========
准备执行
Tue Aug 27 03:10:04 CST 2024
==========
准备执行
Tue Aug 27 04:10:04 CST 2024
==========
准备执行
Tue Aug 27 05:10:04 CST 2024
==========
准备执行
Tue Aug 27 06:10:04 CST 2024
==========
准备执行
Tue Aug 27 07:10:04 CST 2024
==========
准备执行
Tue Aug 27 08:10:04 CST 2024
==========
准备执行
Tue Aug 27 09:10:04 CST 2024
==========
准备执行
Tue Aug 27 10:10:04 CST 2024
==========
准备执行
Tue Aug 27 11:10:04 CST 2024
==========
准备执行
Tue Aug 27 12:10:04 CST 2024
==========
准备执行
Tue Aug 27 13:10:04 CST 2024
==========
准备执行
Tue Aug 27 14:10:07 CST 2024
==========
准备执行
Tue Aug 27 15:10:04 CST 2024
==========
准备执行
Tue Aug 27 16:10:04 CST 2024
==========
准备执行
Tue Aug 27 17:10:04 CST 2024
==========
准备执行
Tue Aug 27 18:10:04 CST 2024
==========
准备执行
Tue Aug 27 19:10:04 CST 2024
==========
准备执行
Tue Aug 27 20:10:06 CST 2024
==========
准备执行
Tue Aug 27 21:10:04 CST 2024
==========
准备执行
Tue Aug 27 22:10:04 CST 2024
==========
准备执行
Tue Aug 27 23:10:04 CST 2024
==========
准备执行
Wed Aug 28 00:10:05 CST 2024
==========
准备执行
Wed Aug 28 01:10:04 CST 2024
==========
准备执行
Wed Aug 28 02:10:04 CST 2024
==========
准备执行
Wed Aug 28 03:10:03 CST 2024
==========
准备执行
Wed Aug 28 04:10:04 CST 2024
==========
准备执行
Wed Aug 28 05:10:03 CST 2024
==========
准备执行
Wed Aug 28 06:10:03 CST 2024
==========
准备执行
Wed Aug 28 07:10:04 CST 2024
==========
准备执行
Wed Aug 28 08:10:03 CST 2024
==========
准备执行
Wed Aug 28 09:10:04 CST 2024
==========
准备执行
Wed Aug 28 10:10:04 CST 2024
==========
准备执行
Wed Aug 28 11:10:04 CST 2024
==========
准备执行
Wed Aug 28 12:10:03 CST 2024
==========
准备执行
Wed Aug 28 13:10:04 CST 2024
==========
准备执行
Wed Aug 28 14:10:04 CST 2024
==========
准备执行
Wed Aug 28 15:10:04 CST 2024
==========
准备执行
Wed Aug 28 16:10:05 CST 2024
==========
准备执行
Wed Aug 28 17:10:07 CST 2024
==========
准备执行
Wed Aug 28 18:10:03 CST 2024
==========
准备执行
Wed Aug 28 19:10:04 CST 2024
==========
准备执行
Wed Aug 28 20:10:04 CST 2024
==========
准备执行
Wed Aug 28 21:10:04 CST 2024
==========
准备执行
Wed Aug 28 22:10:05 CST 2024
==========
准备执行
Wed Aug 28 23:10:07 CST 2024
==========
准备执行
Thu Aug 29 00:10:04 CST 2024
==========
准备执行
Thu Aug 29 01:10:04 CST 2024
==========
准备执行
Thu Aug 29 02:10:04 CST 2024
==========
准备执行
Thu Aug 29 03:10:05 CST 2024
==========
准备执行
Thu Aug 29 04:10:04 CST 2024
==========
准备执行
Thu Aug 29 05:10:04 CST 2024
==========
准备执行
Thu Aug 29 06:10:04 CST 2024
==========
准备执行
Thu Aug 29 07:10:04 CST 2024
==========
准备执行
Thu Aug 29 08:10:04 CST 2024
==========
准备执行
Thu Aug 29 09:10:04 CST 2024
==========
准备执行
Thu Aug 29 10:10:04 CST 2024
==========
准备执行
Thu Aug 29 11:10:04 CST 2024
==========
准备执行
Thu Aug 29 12:10:03 CST 2024
==========
准备执行
Thu Aug 29 13:10:04 CST 2024
==========
准备执行
Thu Aug 29 14:10:06 CST 2024
==========
准备执行
Thu Aug 29 15:10:04 CST 2024
==========
准备执行
Thu Aug 29 16:10:04 CST 2024
==========
准备执行
Thu Aug 29 17:10:04 CST 2024
==========
准备执行
Thu Aug 29 18:10:04 CST 2024
==========
准备执行
Thu Aug 29 19:10:04 CST 2024
==========
准备执行
Thu Aug 29 20:10:05 CST 2024
==========
准备执行
Thu Aug 29 21:10:05 CST 2024
==========
准备执行
Thu Aug 29 22:10:06 CST 2024
==========
准备执行
Thu Aug 29 23:10:05 CST 2024
==========
准备执行
Fri Aug 30 00:10:05 CST 2024
==========
准备执行
Fri Aug 30 01:10:05 CST 2024
==========
准备执行
Fri Aug 30 02:10:04 CST 2024
==========
准备执行
Fri Aug 30 03:10:04 CST 2024
==========
准备执行
Fri Aug 30 04:10:04 CST 2024
==========
准备执行
Fri Aug 30 05:10:03 CST 2024
==========
准备执行
Fri Aug 30 06:10:04 CST 2024
==========
准备执行
Fri Aug 30 07:10:03 CST 2024
==========
准备执行
Fri Aug 30 08:10:04 CST 2024
==========
准备执行
Fri Aug 30 09:10:03 CST 2024
==========
准备执行
Fri Aug 30 10:10:04 CST 2024
==========
准备执行
Fri Aug 30 11:10:04 CST 2024
==========
准备执行
Fri Aug 30 12:10:03 CST 2024
==========
准备执行
Fri Aug 30 13:10:05 CST 2024
==========
准备执行
Fri Aug 30 14:10:03 CST 2024
==========
准备执行
Fri Aug 30 15:10:04 CST 2024
==========
准备执行
Fri Aug 30 16:10:04 CST 2024
==========
准备执行
Fri Aug 30 17:10:04 CST 2024
==========
准备执行
Fri Aug 30 18:10:03 CST 2024
==========
准备执行
Fri Aug 30 19:10:04 CST 2024
==========
准备执行
Fri Aug 30 20:10:05 CST 2024
==========
准备执行
Fri Aug 30 21:10:04 CST 2024
==========
准备执行
Fri Aug 30 22:10:04 CST 2024
==========
准备执行
Fri Aug 30 23:10:05 CST 2024
==========
准备执行
Sat Aug 31 00:10:07 CST 2024
==========
准备执行
Sat Aug 31 01:10:03 CST 2024
==========
准备执行
Sat Aug 31 02:10:04 CST 2024
==========
准备执行
Sat Aug 31 03:10:04 CST 2024
==========
准备执行
Sat Aug 31 04:10:04 CST 2024
==========
准备执行
Sat Aug 31 05:10:04 CST 2024
==========
准备执行
Sat Aug 31 06:10:04 CST 2024
==========
准备执行
Sat Aug 31 07:10:03 CST 2024
==========
准备执行
Sat Aug 31 08:10:04 CST 2024
==========
准备执行
Sat Aug 31 09:10:04 CST 2024
==========
准备执行
Sat Aug 31 10:10:04 CST 2024
==========
准备执行
Sat Aug 31 11:10:04 CST 2024
==========
准备执行
Sat Aug 31 12:10:03 CST 2024
==========
准备执行
Sat Aug 31 13:10:04 CST 2024
==========
准备执行
Sat Aug 31 14:10:05 CST 2024
==========
准备执行
Sat Aug 31 15:10:05 CST 2024
==========
准备执行
Sat Aug 31 16:10:03 CST 2024
==========
准备执行
Sat Aug 31 17:10:05 CST 2024
==========
准备执行
Sat Aug 31 18:10:03 CST 2024
==========
准备执行
Sat Aug 31 19:10:04 CST 2024
==========
准备执行
Sat Aug 31 20:10:04 CST 2024
==========
准备执行
Sat Aug 31 21:10:03 CST 2024
==========
准备执行
Sat Aug 31 22:10:03 CST 2024
==========
准备执行
Sat Aug 31 23:10:06 CST 2024
==========
准备执行
Sun Sep  1 00:10:04 CST 2024
==========
准备执行
Sun Sep  1 01:10:04 CST 2024
==========
准备执行
Sun Sep  1 02:10:03 CST 2024
==========
准备执行
Sun Sep  1 03:10:04 CST 2024
==========
准备执行
Sun Sep  1 04:10:03 CST 2024
==========
准备执行
Sun Sep  1 05:10:04 CST 2024
==========
准备执行
Sun Sep  1 06:10:04 CST 2024
==========
准备执行
Sun Sep  1 07:10:04 CST 2024
==========
准备执行
Sun Sep  1 08:10:04 CST 2024
==========
准备执行
Sun Sep  1 09:10:04 CST 2024
==========
准备执行
Sun Sep  1 10:10:03 CST 2024
==========
准备执行
Sun Sep  1 11:10:04 CST 2024
==========
准备执行
Sun Sep  1 12:10:04 CST 2024
==========
准备执行
Sun Sep  1 13:10:04 CST 2024
==========
准备执行
Sun Sep  1 14:10:04 CST 2024
==========
准备执行
Sun Sep  1 15:10:05 CST 2024
==========
准备执行
Sun Sep  1 16:10:04 CST 2024
==========
准备执行
Sun Sep  1 17:10:04 CST 2024
==========
准备执行
Sun Sep  1 18:10:04 CST 2024
==========
准备执行
Sun Sep  1 19:10:03 CST 2024
==========
准备执行
Sun Sep  1 20:10:04 CST 2024
==========
准备执行
Sun Sep  1 21:10:04 CST 2024
==========
准备执行
Sun Sep  1 22:10:04 CST 2024
==========
准备执行
Sun Sep  1 23:10:06 CST 2024
==========
准备执行
Mon Sep  2 00:10:05 CST 2024
==========
准备执行
Mon Sep  2 01:10:03 CST 2024
==========
准备执行
Mon Sep  2 02:10:03 CST 2024
==========
准备执行
Mon Sep  2 03:10:04 CST 2024
==========
准备执行
Mon Sep  2 04:10:04 CST 2024
==========
准备执行
Mon Sep  2 05:10:04 CST 2024
==========
准备执行
Mon Sep  2 06:10:03 CST 2024
==========
准备执行
Mon Sep  2 07:10:04 CST 2024
==========
准备执行
Mon Sep  2 08:10:04 CST 2024
==========
准备执行
Mon Sep  2 09:10:04 CST 2024
==========
准备执行
Mon Sep  2 10:10:04 CST 2024
==========
准备执行
Mon Sep  2 11:10:04 CST 2024
==========
准备执行
Mon Sep  2 12:10:03 CST 2024
==========
准备执行
Mon Sep  2 13:10:04 CST 2024
==========
准备执行
Mon Sep  2 14:10:04 CST 2024
==========
准备执行
Mon Sep  2 15:10:03 CST 2024
==========
准备执行
Mon Sep  2 16:10:04 CST 2024
==========
准备执行
Mon Sep  2 17:10:05 CST 2024
==========
准备执行
Mon Sep  2 18:10:04 CST 2024
==========
准备执行
Mon Sep  2 19:10:04 CST 2024
==========
准备执行
Mon Sep  2 20:10:04 CST 2024
==========
准备执行
Mon Sep  2 21:10:03 CST 2024
==========
准备执行
Mon Sep  2 22:10:05 CST 2024
==========
准备执行
Mon Sep  2 23:10:05 CST 2024
==========
准备执行
Tue Sep  3 00:10:05 CST 2024
==========
准备执行
Tue Sep  3 01:10:04 CST 2024
==========
准备执行
Tue Sep  3 02:10:04 CST 2024
==========
准备执行
Tue Sep  3 03:10:04 CST 2024
==========
准备执行
Tue Sep  3 04:10:03 CST 2024
==========
准备执行
Tue Sep  3 05:10:03 CST 2024
==========
准备执行
Tue Sep  3 06:10:04 CST 2024
==========
准备执行
Tue Sep  3 07:10:04 CST 2024
==========
准备执行
Tue Sep  3 08:10:05 CST 2024
==========
准备执行
Tue Sep  3 09:10:05 CST 2024
==========
准备执行
Tue Sep  3 10:10:04 CST 2024
==========
准备执行
Tue Sep  3 11:10:04 CST 2024
==========
准备执行
Tue Sep  3 12:10:04 CST 2024
==========
准备执行
Tue Sep  3 13:10:04 CST 2024
==========
准备执行
Tue Sep  3 14:10:04 CST 2024
==========
准备执行
Tue Sep  3 15:10:04 CST 2024
==========
准备执行
Tue Sep  3 16:10:04 CST 2024
==========
准备执行
Tue Sep  3 17:10:04 CST 2024
==========
准备执行
Tue Sep  3 18:10:03 CST 2024
==========
准备执行
Tue Sep  3 19:10:04 CST 2024
==========
准备执行
Tue Sep  3 20:10:04 CST 2024
==========
准备执行
Tue Sep  3 21:10:04 CST 2024
==========
准备执行
Tue Sep  3 22:10:04 CST 2024
==========
准备执行
Tue Sep  3 23:10:04 CST 2024
==========
准备执行
Wed Sep  4 00:10:04 CST 2024
==========
准备执行
Wed Sep  4 01:10:04 CST 2024
==========
准备执行
Wed Sep  4 02:10:04 CST 2024
==========
准备执行
Wed Sep  4 03:10:04 CST 2024
==========
准备执行
Wed Sep  4 04:10:03 CST 2024
==========
准备执行
Wed Sep  4 05:10:04 CST 2024
==========
准备执行
Wed Sep  4 06:10:04 CST 2024
==========
准备执行
Wed Sep  4 07:10:03 CST 2024
==========
准备执行
Wed Sep  4 08:10:04 CST 2024
==========
准备执行
Wed Sep  4 09:10:04 CST 2024
==========
准备执行
Wed Sep  4 10:10:03 CST 2024
==========
准备执行
Wed Sep  4 11:10:04 CST 2024
==========
准备执行
Wed Sep  4 12:10:03 CST 2024
==========
准备执行
Wed Sep  4 13:10:03 CST 2024
==========
准备执行
Wed Sep  4 14:10:03 CST 2024
==========
准备执行
Wed Sep  4 15:10:04 CST 2024
==========
准备执行
Wed Sep  4 16:10:04 CST 2024
==========
准备执行
Wed Sep  4 17:10:04 CST 2024
==========
准备执行
Wed Sep  4 18:10:03 CST 2024
==========
准备执行
Wed Sep  4 19:10:03 CST 2024
==========
准备执行
Wed Sep  4 20:10:04 CST 2024
==========
准备执行
Wed Sep  4 21:10:06 CST 2024
==========
准备执行
Wed Sep  4 22:10:04 CST 2024
==========
准备执行
Wed Sep  4 23:10:04 CST 2024
==========
准备执行
Thu Sep  5 00:10:05 CST 2024
==========
准备执行
Thu Sep  5 01:10:04 CST 2024
==========
准备执行
Thu Sep  5 02:10:04 CST 2024
==========
准备执行
Thu Sep  5 03:10:03 CST 2024
==========
准备执行
Thu Sep  5 04:10:03 CST 2024
==========
准备执行
Thu Sep  5 05:10:04 CST 2024
==========
准备执行
Thu Sep  5 06:10:04 CST 2024
==========
准备执行
Thu Sep  5 07:10:03 CST 2024
==========
准备执行
Thu Sep  5 08:10:04 CST 2024
==========
准备执行
Thu Sep  5 09:10:04 CST 2024
==========
准备执行
Thu Sep  5 10:10:04 CST 2024
==========
准备执行
Thu Sep  5 11:10:04 CST 2024
==========
准备执行
Thu Sep  5 12:10:04 CST 2024
==========
准备执行
Thu Sep  5 13:10:03 CST 2024
==========
准备执行
Thu Sep  5 14:10:04 CST 2024
==========
准备执行
Thu Sep  5 15:10:04 CST 2024
==========
准备执行
Thu Sep  5 16:10:04 CST 2024
==========
准备执行
Thu Sep  5 17:10:03 CST 2024
==========
准备执行
Thu Sep  5 18:10:03 CST 2024
==========
准备执行
Thu Sep  5 19:10:04 CST 2024
==========
准备执行
Thu Sep  5 20:10:03 CST 2024
==========
准备执行
Thu Sep  5 21:10:06 CST 2024
==========
准备执行
Thu Sep  5 22:10:04 CST 2024
==========
准备执行
Thu Sep  5 23:10:04 CST 2024
==========
准备执行
Fri Sep  6 00:10:06 CST 2024
==========
准备执行
Fri Sep  6 01:10:03 CST 2024
==========
准备执行
Fri Sep  6 02:10:06 CST 2024
==========
准备执行
Fri Sep  6 03:10:04 CST 2024
==========
准备执行
Fri Sep  6 04:10:06 CST 2024
==========
准备执行
Fri Sep  6 05:10:04 CST 2024
==========
准备执行
Fri Sep  6 06:10:04 CST 2024
==========
准备执行
Fri Sep  6 07:10:04 CST 2024
==========
准备执行
Fri Sep  6 08:10:04 CST 2024
==========
准备执行
Fri Sep  6 09:10:04 CST 2024
==========
准备执行
Fri Sep  6 10:10:10 CST 2024
==========
准备执行
Fri Sep  6 11:10:04 CST 2024
==========
准备执行
Fri Sep  6 12:10:05 CST 2024
==========
准备执行
Fri Sep  6 13:10:04 CST 2024
==========
准备执行
Fri Sep  6 14:10:05 CST 2024
==========
准备执行
Fri Sep  6 15:10:05 CST 2024
==========
准备执行
Fri Sep  6 16:10:05 CST 2024
==========
准备执行
Fri Sep  6 17:10:04 CST 2024
==========
准备执行
Fri Sep  6 18:10:05 CST 2024
==========
准备执行
Fri Sep  6 19:10:04 CST 2024
==========
准备执行
Fri Sep  6 20:10:03 CST 2024
==========
准备执行
Fri Sep  6 21:10:04 CST 2024
==========
准备执行
Fri Sep  6 22:10:16 CST 2024
==========
准备执行
Fri Sep  6 23:10:04 CST 2024
==========
准备执行
Sat Sep  7 00:10:04 CST 2024
==========
准备执行
Sat Sep  7 01:10:07 CST 2024
==========
准备执行
Sat Sep  7 02:10:06 CST 2024
==========
准备执行
Sat Sep  7 03:10:04 CST 2024
==========
准备执行
Sat Sep  7 04:10:04 CST 2024
==========
准备执行
Sat Sep  7 05:10:03 CST 2024
==========
准备执行
Sat Sep  7 06:10:03 CST 2024
==========
准备执行
Sat Sep  7 07:10:04 CST 2024
==========
准备执行
Sat Sep  7 08:10:05 CST 2024
==========
准备执行
Sat Sep  7 09:10:06 CST 2024
==========
准备执行
Sat Sep  7 10:10:04 CST 2024
==========
准备执行
Sat Sep  7 11:10:07 CST 2024
==========
准备执行
Sat Sep  7 12:10:18 CST 2024
==========
准备执行
Sat Sep  7 13:10:05 CST 2024
==========
准备执行
Sat Sep  7 14:10:08 CST 2024
==========
准备执行
Sat Sep  7 15:10:08 CST 2024
==========
准备执行
Sat Sep  7 16:10:05 CST 2024
==========
准备执行
Sat Sep  7 17:10:05 CST 2024
==========
准备执行
Sat Sep  7 18:10:04 CST 2024
==========
准备执行
Sat Sep  7 19:10:04 CST 2024
==========
准备执行
Sat Sep  7 20:10:03 CST 2024
==========
准备执行
Sat Sep  7 21:10:06 CST 2024
==========
准备执行
Sat Sep  7 22:10:06 CST 2024
==========
准备执行
Sat Sep  7 23:10:05 CST 2024
==========
准备执行
Sun Sep  8 00:10:05 CST 2024
==========
准备执行
Sun Sep  8 01:10:04 CST 2024
==========
准备执行
Sun Sep  8 02:10:04 CST 2024
==========
准备执行
Sun Sep  8 03:10:06 CST 2024
==========
准备执行
Sun Sep  8 04:10:04 CST 2024
==========
准备执行
Sun Sep  8 05:10:05 CST 2024
==========
准备执行
Sun Sep  8 06:10:04 CST 2024
==========
准备执行
Sun Sep  8 07:10:03 CST 2024
==========
准备执行
Sun Sep  8 08:10:05 CST 2024
==========
准备执行
Sun Sep  8 09:10:07 CST 2024
==========
准备执行
Sun Sep  8 10:10:04 CST 2024
==========
准备执行自动更新文档
Sun Sep  8 11:10:05 CST 2024
==========
准备执行自动更新文档
Sun Sep  8 12:10:04 CST 2024
==========
准备执行自动更新文档
Sun Sep  8 13:10:05 CST 2024
==========
准备执行自动更新文档
Sun Sep  8 14:10:04 CST 2024
==========
准备执行自动更新文档
Sun Sep  8 15:10:06 CST 2024
==========
准备执行自动更新文档
Sun Sep  8 16:10:07 CST 2024
==========
准备执行自动更新文档
Sun Sep  8 17:10:04 CST 2024
==========
准备执行自动更新文档
Sun Sep  8 18:10:04 CST 2024
==========
准备执行自动更新文档
Sun Sep  8 19:10:04 CST 2024
==========
准备执行自动更新文档
Sun Sep  8 20:10:05 CST 2024
==========
准备执行自动更新文档
Sun Sep  8 21:10:18 CST 2024
==========
准备执行自动更新文档
Sun Sep  8 22:10:04 CST 2024
==========
准备执行自动更新文档
Sun Sep  8 23:10:05 CST 2024
==========
准备执行自动更新文档
Mon Sep  9 00:10:05 CST 2024
==========
准备执行自动更新文档
Mon Sep  9 01:10:04 CST 2024
==========
准备执行自动更新文档
Mon Sep  9 02:10:04 CST 2024
==========
准备执行自动更新文档
Mon Sep  9 03:10:04 CST 2024
==========
准备执行自动更新文档
Mon Sep  9 04:10:04 CST 2024
==========
准备执行自动更新文档
Mon Sep  9 05:10:04 CST 2024
==========
准备执行自动更新文档
Mon Sep  9 06:10:04 CST 2024
==========
准备执行自动更新文档
Mon Sep  9 07:10:04 CST 2024
==========
准备执行自动更新文档
Mon Sep  9 08:10:04 CST 2024
==========
准备执行自动更新文档
Mon Sep  9 09:10:06 CST 2024
==========
准备执行自动更新文档
Mon Sep  9 10:10:04 CST 2024
==========
准备执行自动更新文档
Mon Sep  9 11:10:04 CST 2024
==========
准备执行自动更新文档
Mon Sep  9 12:10:05 CST 2024
==========
准备执行自动更新文档
Mon Sep  9 13:10:06 CST 2024
==========
准备执行自动更新文档
Mon Sep  9 14:10:08 CST 2024
==========
准备执行自动更新文档
Mon Sep  9 15:10:05 CST 2024
==========
准备执行自动更新文档
Mon Sep  9 16:10:04 CST 2024
==========
准备执行自动更新文档
Mon Sep  9 17:10:04 CST 2024
==========
准备执行自动更新文档
Mon Sep  9 18:10:05 CST 2024
==========
准备执行自动更新文档
Mon Sep  9 19:10:04 CST 2024
==========
准备执行自动更新文档
Mon Sep  9 20:10:04 CST 2024
==========
准备执行自动更新文档
Mon Sep  9 21:10:05 CST 2024
==========
准备执行自动更新文档
Mon Sep  9 22:10:04 CST 2024
==========
准备执行自动更新文档
Mon Sep  9 23:10:04 CST 2024
==========
准备执行自动更新文档
